New log file opened at Tue Aug 30 15:13:24 COT 2016 by 126704@ISIS2603-00
Taking next connection to: 57897
New client attempting to connect on port: 57898-57897
  Address = /172.24.42.139:57897
This client on port 57898 has uuid d49c58fd-7bf2-4d1b-b8c8-4f90043212e7 configName play-fork-run humanReadableName Play Fork Run protocolVersion 1 featureTags Vector()
Connected Clients: play-fork-run-d49c58fd-7bf2-4d1b-b8c8-4f90043212e7
Taking next connection to: 57897
Checking to see if clients are empty...
We have 1 non-daemon clients, continuing serving connections.
Taking next connection to: 57897
Checking to see if clients are empty...
We have 1 non-daemon clients, continuing serving connections.
Taking next connection to: 57897
Checking to see if clients are empty...
We have 1 non-daemon clients, continuing serving connections.
Taking next connection to: 57897
Checking to see if clients are empty...
We have 1 non-daemon clients, continuing serving connections.
Taking next connection to: 57897
Checking to see if clients are empty...
We have 1 non-daemon clients, continuing serving connections.
Taking next connection to: 57897
